Determining if the pthread_create exist failed with the following output:
Change Dir: /home/pi/catkin_ws/build/CMakeFiles/CMakeTmp

Run Build Command:"/usr/bin/make" "cmTC_9ae6b/fast"
/usr/bin/make -f CMakeFiles/cmTC_9ae6b.dir/build.make CMakeFiles/cmTC_9ae6b.dir/build
make[1]: 进入目录“/home/pi/catkin_ws/build/CMakeFiles/CMakeTmp”
Building C object CMakeFiles/cmTC_9ae6b.dir/CheckSymbolExists.c.o
/usr/bin/cc    -o CMakeFiles/cmTC_9ae6b.dir/CheckSymbolExists.c.o   -c /home/pi/catkin_ws/build/CMakeFiles/CMakeTmp/CheckSymbolExists.c
Linking C executable cmTC_9ae6b
/usr/bin/cmake -E cmake_link_script CMakeFiles/cmTC_9ae6b.dir/link.txt --verbose=1
/usr/bin/cc      -rdynamic CMakeFiles/cmTC_9ae6b.dir/CheckSymbolExists.c.o  -o cmTC_9ae6b 
CMakeFiles/cmTC_9ae6b.dir/CheckSymbolExists.c.o：在函数‘main’中：
CheckSymbolExists.c:(.text+0x14)：对‘pthread_create’未定义的引用
CheckSymbolExists.c:(.text+0x18)：对‘pthread_create’未定义的引用
collect2: error: ld returned 1 exit status
CMakeFiles/cmTC_9ae6b.dir/build.make:97: recipe for target 'cmTC_9ae6b' failed
make[1]: *** [cmTC_9ae6b] Error 1
make[1]: 离开目录“/home/pi/catkin_ws/build/CMakeFiles/CMakeTmp”
Makefile:126: recipe for target 'cmTC_9ae6b/fast' failed
make: *** [cmTC_9ae6b/fast] Error 2

File /home/pi/catkin_ws/build/CMakeFiles/CMakeTmp/CheckSymbolExists.c:
/* */
#include <pthread.h>

int main(int argc, char** argv)
{
  (void)argv;
#ifndef pthread_create
  return ((int*)(&pthread_create))[argc];
#else
  (void)argc;
  return 0;
#endif
}

Determining if the function pthread_create exists in the pthreads failed with the following output:
Change Dir: /home/pi/catkin_ws/build/CMakeFiles/CMakeTmp

Run Build Command:"/usr/bin/make" "cmTC_f295c/fast"
/usr/bin/make -f CMakeFiles/cmTC_f295c.dir/build.make CMakeFiles/cmTC_f295c.dir/build
make[1]: 进入目录“/home/pi/catkin_ws/build/CMakeFiles/CMakeTmp”
Building C object CMakeFiles/cmTC_f295c.dir/CheckFunctionExists.c.o
/usr/bin/cc   -DCHECK_FUNCTION_EXISTS=pthread_create   -o CMakeFiles/cmTC_f295c.dir/CheckFunctionExists.c.o   -c /usr/share/cmake-3.10/Modules/CheckFunctionExists.c
Linking C executable cmTC_f295c
/usr/bin/cmake -E cmake_link_script CMakeFiles/cmTC_f295c.dir/link.txt --verbose=1
/usr/bin/cc  -DCHECK_FUNCTION_EXISTS=pthread_create    -rdynamic CMakeFiles/cmTC_f295c.dir/CheckFunctionExists.c.o  -o cmTC_f295c -lpthreads 
/usr/bin/ld: 找不到 -lpthreads
collect2: error: ld returned 1 exit status
CMakeFiles/cmTC_f295c.dir/build.make:97: recipe for target 'cmTC_f295c' failed
make[1]: *** [cmTC_f295c] Error 1
make[1]: 离开目录“/home/pi/catkin_ws/build/CMakeFiles/CMakeTmp”
Makefile:126: recipe for target 'cmTC_f295c/fast' failed
make: *** [cmTC_f295c/fast] Error 2


